[0203/105301.670:ERROR:crash_report_database_win.cc(580)] CreateDirectory C:\Users\Admin\AppData\Local\Temp\karma-24140154\Crashpad: The system cannot find the path specified. (0x3)
[0203/105301.891:ERROR:registration_protocol_win.cc(84)] TransactNamedPipe: The pipe has been ended. (0x6D)
[0309/120858.087:ERROR:process_reader_win.cc(151)] SuspendThread: Access is denied. (0x5)
[0309/120858.100:ERROR:exception_snapshot_win.cc(98)] thread ID 5500 not found in process
[0309/120858.234:ERROR:process_reader_win.cc(151)] SuspendThread: Access is denied. (0x5)
[0309/120858.236:ERROR:exception_snapshot_win.cc(98)] thread ID 16044 not found in process
[0309/120858.263:ERROR:process_reader_win.cc(151)] SuspendThread: Access is denied. (0x5)
[0309/120858.222:ERROR:process_reader_win.cc(151)] SuspendThread: Access is denied. (0x5)
[0309/120858.317:ERROR:process_reader_win.cc(151)] SuspendThread: Access is denied. (0x5)
[0309/120858.383:ERROR:exception_snapshot_win.cc(98)] thread ID 13764 not found in process
[0309/120858.384:ERROR:exception_snapshot_win.cc(98)] thread ID 11652 not found in process
[0309/120858.384:ERROR:exception_snapshot_win.cc(98)] thread ID 2464 not found in process
[0309/120904.988:ERROR:process_reader_win.cc(151)] SuspendThread: Access is denied. (0x5)
[0309/120904.988:ERROR:exception_snapshot_win.cc(98)] thread ID 7192 not found in process
[0309/120904.837:ERROR:process_reader_win.cc(123)] NtOpenThread: {Access Denied} A process has requested access to an object, but has not been granted those access rights. (0xc0000022)
[0309/120906.220:ERROR:exception_snapshot_win.cc(98)] thread ID 19216 not found in process
[0309/120906.221:ERROR:scoped_process_suspend.cc(40)] NtResumeProcess: An attempt was made to access an exiting process. (0xc000010a)
[0322/170603.053:ERROR:process_reader_win.cc(151)] SuspendThread: Access is denied. (0x5)
[0322/170603.060:ERROR:process_reader_win.cc(151)] SuspendThread: Access is denied. (0x5)
[0322/170603.060:ERROR:process_reader_win.cc(123)] NtOpenThread: {Access Denied} A process has requested access to an object, but has not been granted those access rights. (0xc0000022)
[0322/170603.062:ERROR:exception_snapshot_win.cc(98)] thread ID 1736 not found in process
[0322/170603.084:ERROR:process_reader_win.cc(151)] SuspendThread: Access is denied. (0x5)
[0322/170603.084:ERROR:process_reader_win.cc(123)] NtOpenThread: {Access Denied} A process has requested access to an object, but has not been granted those access rights. (0xc0000022)
[0322/170603.084:ERROR:exception_snapshot_win.cc(98)] thread ID 17080 not found in process
[0322/170603.085:ERROR:process_reader_win.cc(151)] SuspendThread: Access is denied. (0x5)
[0322/170603.085:ERROR:process_reader_win.cc(151)] SuspendThread: Access is denied. (0x5)
[0322/170603.085:ERROR:process_reader_win.cc(123)] NtOpenThread: {Access Denied} A process has requested access to an object, but has not been granted those access rights. (0xc0000022)
[0322/170603.085:ERROR:process_reader_win.cc(151)] SuspendThread: Access is denied. (0x5)
[0322/170603.086:ERROR:exception_snapshot_win.cc(98)] thread ID 11116 not found in process
[0322/170603.086:ERROR:process_reader_win.cc(151)] SuspendThread: Access is denied. (0x5)
[0322/170603.086:ERROR:process_reader_win.cc(123)] NtOpenThread: {Access Denied} A process has requested access to an object, but has not been granted those access rights. (0xc0000022)
[0322/170603.086:ERROR:exception_snapshot_win.cc(98)] thread ID 19568 not found in process
[0322/170603.102:ERROR:process_reader_win.cc(151)] SuspendThread: Access is denied. (0x5)
[0322/170603.102:ERROR:process_reader_win.cc(151)] SuspendThread: Access is denied. (0x5)
[0322/170603.102:ERROR:process_reader_win.cc(123)] NtOpenThread: {Access Denied} A process has requested access to an object, but has not been granted those access rights. (0xc0000022)
[0322/170603.102:ERROR:exception_snapshot_win.cc(98)] thread ID 9424 not found in process
[0322/170603.119:ERROR:process_reader_win.cc(123)] NtOpenThread: {Access Denied} A process has requested access to an object, but has not been granted those access rights. (0xc0000022)
[0322/170603.119:ERROR:exception_snapshot_win.cc(98)] thread ID 9272 not found in process
[0322/170603.144:ERROR:process_reader_win.cc(151)] SuspendThread: Access is denied. (0x5)
[0322/170603.144:ERROR:process_reader_win.cc(151)] SuspendThread: Access is denied. (0x5)
[0322/170603.145:ERROR:process_reader_win.cc(151)] SuspendThread: Access is denied. (0x5)
[0322/170603.145:ERROR:process_reader_win.cc(151)] SuspendThread: Access is denied. (0x5)
[0322/170603.145:ERROR:process_reader_win.cc(151)] SuspendThread: Access is denied. (0x5)
[0322/170603.145:ERROR:process_reader_win.cc(151)] SuspendThread: Access is denied. (0x5)
[0322/170603.145:ERROR:process_reader_win.cc(151)] SuspendThread: Access is denied. (0x5)
[0322/170603.145:ERROR:process_reader_win.cc(151)] SuspendThread: Access is denied. (0x5)
[0322/170603.145:ERROR:process_reader_win.cc(151)] SuspendThread: Access is denied. (0x5)
[0322/170603.145:ERROR:process_reader_win.cc(151)] SuspendThread: Access is denied. (0x5)
[0322/170603.145:ERROR:process_reader_win.cc(151)] SuspendThread: Access is denied. (0x5)
[0322/170603.145:ERROR:process_reader_win.cc(123)] NtOpenThread: {Access Denied} A process has requested access to an object, but has not been granted those access rights. (0xc0000022)
[0322/170603.145:ERROR:exception_snapshot_win.cc(98)] thread ID 19000 not found in process
[0322/170603.241:ERROR:process_reader_win.cc(151)] SuspendThread: Access is denied. (0x5)
[0322/170603.241:ERROR:process_reader_win.cc(151)] SuspendThread: Access is denied. (0x5)
[0322/170603.242:ERROR:process_reader_win.cc(151)] SuspendThread: Access is denied. (0x5)
[0322/170603.242:ERROR:process_reader_win.cc(151)] SuspendThread: Access is denied. (0x5)
[0322/170603.242:ERROR:process_reader_win.cc(151)] SuspendThread: Access is denied. (0x5)
[0322/170603.242:ERROR:process_reader_win.cc(151)] SuspendThread: Access is denied. (0x5)
[0322/170603.242:ERROR:process_reader_win.cc(151)] SuspendThread: Access is denied. (0x5)
[0322/170603.242:ERROR:process_reader_win.cc(151)] SuspendThread: Access is denied. (0x5)
[0322/170603.242:ERROR:process_reader_win.cc(151)] SuspendThread: Access is denied. (0x5)
[0322/170603.242:ERROR:process_reader_win.cc(151)] SuspendThread: Access is denied. (0x5)
[0322/170603.242:ERROR:process_reader_win.cc(151)] SuspendThread: Access is denied. (0x5)
[0322/170603.242:ERROR:process_reader_win.cc(123)] NtOpenThread: {Access Denied} A process has requested access to an object, but has not been granted those access rights. (0xc0000022)
[0322/170603.242:ERROR:exception_snapshot_win.cc(98)] thread ID 6736 not found in process
[0322/170603.252:ERROR:process_reader_win.cc(151)] SuspendThread: Access is denied. (0x5)
[0322/170603.252:ERROR:process_reader_win.cc(151)] SuspendThread: Access is denied. (0x5)
[0322/170603.252:ERROR:process_reader_win.cc(151)] SuspendThread: Access is denied. (0x5)
[0322/170603.252:ERROR:process_reader_win.cc(151)] SuspendThread: Access is denied. (0x5)
[0322/170603.252:ERROR:process_reader_win.cc(151)] SuspendThread: Access is denied. (0x5)
[0322/170603.252:ERROR:process_reader_win.cc(151)] SuspendThread: Access is denied. (0x5)
[0322/170603.252:ERROR:process_reader_win.cc(151)] SuspendThread: Access is denied. (0x5)
[0322/170603.252:ERROR:process_reader_win.cc(151)] SuspendThread: Access is denied. (0x5)
[0322/170603.252:ERROR:process_reader_win.cc(151)] SuspendThread: Access is denied. (0x5)
[0322/170603.252:ERROR:process_reader_win.cc(151)] SuspendThread: Access is denied. (0x5)
[0322/170603.252:ERROR:process_reader_win.cc(123)] NtOpenThread: {Access Denied} A process has requested access to an object, but has not been granted those access rights. (0xc0000022)
[0322/170603.252:ERROR:exception_snapshot_win.cc(98)] thread ID 8308 not found in process
[0322/170603.272:ERROR:process_reader_win.cc(151)] SuspendThread: Access is denied. (0x5)
[0322/170603.272:ERROR:process_reader_win.cc(151)] SuspendThread: Access is denied. (0x5)
[0322/170603.272:ERROR:process_reader_win.cc(151)] SuspendThread: Access is denied. (0x5)
[0322/170603.274:ERROR:process_reader_win.cc(151)] SuspendThread: Access is denied. (0x5)
[0322/170603.274:ERROR:process_reader_win.cc(151)] SuspendThread: Access is denied. (0x5)
[0322/170603.274:ERROR:process_reader_win.cc(151)] SuspendThread: Access is denied. (0x5)
[0322/170603.274:ERROR:process_reader_win.cc(151)] SuspendThread: Access is denied. (0x5)
[0322/170603.274:ERROR:process_reader_win.cc(151)] SuspendThread: Access is denied. (0x5)
[0322/170603.274:ERROR:process_reader_win.cc(151)] SuspendThread: Access is denied. (0x5)
[0322/170603.274:ERROR:process_reader_win.cc(123)] NtOpenThread: {Access Denied} A process has requested access to an object, but has not been granted those access rights. (0xc0000022)
[0322/170603.274:ERROR:exception_snapshot_win.cc(98)] thread ID 14612 not found in process
[0322/170603.284:ERROR:process_reader_win.cc(151)] SuspendThread: Access is denied. (0x5)
[0322/170603.285:ERROR:process_reader_win.cc(151)] SuspendThread: Access is denied. (0x5)
[0322/170603.285:ERROR:process_reader_win.cc(151)] SuspendThread: Access is denied. (0x5)
[0322/170603.285:ERROR:process_reader_win.cc(151)] SuspendThread: Access is denied. (0x5)
[0322/170603.285:ERROR:process_reader_win.cc(151)] SuspendThread: Access is denied. (0x5)
[0322/170603.285:ERROR:process_reader_win.cc(151)] SuspendThread: Access is denied. (0x5)
[0322/170603.285:ERROR:process_reader_win.cc(151)] SuspendThread: Access is denied. (0x5)
[0322/170603.285:ERROR:process_reader_win.cc(151)] SuspendThread: Access is denied. (0x5)
[0322/170603.285:ERROR:process_reader_win.cc(123)] NtOpenThread: {Access Denied} A process has requested access to an object, but has not been granted those access rights. (0xc0000022)
[0322/170603.285:ERROR:exception_snapshot_win.cc(98)] thread ID 568 not found in process
[0322/170603.294:ERROR:process_reader_win.cc(151)] SuspendThread: Access is denied. (0x5)
[0322/170603.294:ERROR:process_reader_win.cc(151)] SuspendThread: Access is denied. (0x5)
[0322/170603.294:ERROR:process_reader_win.cc(151)] SuspendThread: Access is denied. (0x5)
[0322/170603.295:ERROR:process_reader_win.cc(151)] SuspendThread: Access is denied. (0x5)
[0322/170603.295:ERROR:process_reader_win.cc(151)] SuspendThread: Access is denied. (0x5)
[0322/170603.295:ERROR:process_reader_win.cc(151)] SuspendThread: Access is denied. (0x5)
[0322/170603.295:ERROR:process_reader_win.cc(151)] SuspendThread: Access is denied. (0x5)
[0322/170603.295:ERROR:process_reader_win.cc(151)] SuspendThread: Access is denied. (0x5)
[0322/170603.295:ERROR:process_reader_win.cc(123)] NtOpenThread: {Access Denied} A process has requested access to an object, but has not been granted those access rights. (0xc0000022)
[0322/170603.295:ERROR:exception_snapshot_win.cc(98)] thread ID 18552 not found in process
[0322/170603.317:ERROR:process_reader_win.cc(151)] SuspendThread: Access is denied. (0x5)
[0322/170603.317:ERROR:process_reader_win.cc(151)] SuspendThread: Access is denied. (0x5)
[0322/170603.317:ERROR:process_reader_win.cc(151)] SuspendThread: Access is denied. (0x5)
[0322/170603.317:ERROR:process_reader_win.cc(151)] SuspendThread: Access is denied. (0x5)
[0322/170603.317:ERROR:process_reader_win.cc(151)] SuspendThread: Access is denied. (0x5)
[0322/170603.317:ERROR:process_reader_win.cc(151)] SuspendThread: Access is denied. (0x5)
[0322/170603.317:ERROR:process_reader_win.cc(151)] SuspendThread: Access is denied. (0x5)
[0322/170603.317:ERROR:process_reader_win.cc(151)] SuspendThread: Access is denied. (0x5)
[0322/170603.317:ERROR:process_reader_win.cc(151)] SuspendThread: Access is denied. (0x5)
[0322/170603.318:ERROR:process_reader_win.cc(123)] NtOpenThread: {Access Denied} A process has requested access to an object, but has not been granted those access rights. (0xc0000022)
[0322/170603.318:ERROR:exception_snapshot_win.cc(98)] thread ID 6768 not found in process
[0322/170603.345:ERROR:process_reader_win.cc(151)] SuspendThread: Access is denied. (0x5)
[0322/170603.345:ERROR:process_reader_win.cc(151)] SuspendThread: Access is denied. (0x5)
[0322/170603.345:ERROR:process_reader_win.cc(151)] SuspendThread: Access is denied. (0x5)
[0322/170603.345:ERROR:process_reader_win.cc(151)] SuspendThread: Access is denied. (0x5)
[0322/170603.346:ERROR:process_reader_win.cc(151)] SuspendThread: Access is denied. (0x5)
[0322/170603.346:ERROR:process_reader_win.cc(151)] SuspendThread: Access is denied. (0x5)
[0322/170603.346:ERROR:process_reader_win.cc(151)] SuspendThread: Access is denied. (0x5)
[0322/170603.346:ERROR:process_reader_win.cc(151)] SuspendThread: Access is denied. (0x5)
[0322/170603.346:ERROR:process_reader_win.cc(151)] SuspendThread: Access is denied. (0x5)
[0322/170603.346:ERROR:process_reader_win.cc(151)] SuspendThread: Access is denied. (0x5)
[0322/170603.346:ERROR:process_reader_win.cc(151)] SuspendThread: Access is denied. (0x5)
[0322/170603.346:ERROR:process_reader_win.cc(123)] NtOpenThread: {Access Denied} A process has requested access to an object, but has not been granted those access rights. (0xc0000022)
[0322/170603.346:ERROR:exception_snapshot_win.cc(98)] thread ID 16456 not found in process
[0322/170603.369:ERROR:process_reader_win.cc(123)] NtOpenThread: {Access Denied} A process has requested access to an object, but has not been granted those access rights. (0xc0000022)
[0322/170603.369:ERROR:exception_snapshot_win.cc(98)] thread ID 12676 not found in process
[0322/170603.402:ERROR:process_reader_win.cc(151)] SuspendThread: Access is denied. (0x5)
[0322/170603.402:ERROR:process_reader_win.cc(151)] SuspendThread: Access is denied. (0x5)
[0322/170603.402:ERROR:process_reader_win.cc(151)] SuspendThread: Access is denied. (0x5)
[0322/170603.402:ERROR:process_reader_win.cc(151)] SuspendThread: Access is denied. (0x5)
[0322/170603.402:ERROR:process_reader_win.cc(151)] SuspendThread: Access is denied. (0x5)
[0322/170603.402:ERROR:process_reader_win.cc(151)] SuspendThread: Access is denied. (0x5)
[0322/170603.402:ERROR:process_reader_win.cc(151)] SuspendThread: Access is denied. (0x5)
[0322/170603.402:ERROR:process_reader_win.cc(151)] SuspendThread: Access is denied. (0x5)
[0322/170603.402:ERROR:process_reader_win.cc(151)] SuspendThread: Access is denied. (0x5)
[0322/170603.402:ERROR:process_reader_win.cc(151)] SuspendThread: Access is denied. (0x5)
[0322/170603.403:ERROR:process_reader_win.cc(151)] SuspendThread: Access is denied. (0x5)
[0322/170603.403:ERROR:process_reader_win.cc(123)] NtOpenThread: {Access Denied} A process has requested access to an object, but has not been granted those access rights. (0xc0000022)
[0322/170603.403:ERROR:exception_snapshot_win.cc(98)] thread ID 1064 not found in process
[0322/170603.414:ERROR:process_reader_win.cc(151)] SuspendThread: Access is denied. (0x5)
[0322/170603.414:ERROR:process_reader_win.cc(151)] SuspendThread: Access is denied. (0x5)
[0322/170603.414:ERROR:process_reader_win.cc(151)] SuspendThread: Access is denied. (0x5)
[0322/170603.414:ERROR:process_reader_win.cc(151)] SuspendThread: Access is denied. (0x5)
[0322/170603.414:ERROR:process_reader_win.cc(151)] SuspendThread: Access is denied. (0x5)
[0322/170603.414:ERROR:process_reader_win.cc(151)] SuspendThread: Access is denied. (0x5)
[0322/170603.414:ERROR:process_reader_win.cc(151)] SuspendThread: Access is denied. (0x5)
[0322/170603.414:ERROR:process_reader_win.cc(151)] SuspendThread: Access is denied. (0x5)
[0322/170603.414:ERROR:process_reader_win.cc(123)] NtOpenThread: {Access Denied} A process has requested access to an object, but has not been granted those access rights. (0xc0000022)
[0322/170603.414:ERROR:exception_snapshot_win.cc(98)] thread ID 2932 not found in process
[0322/170603.416:ERROR:process_reader_win.cc(151)] SuspendThread: Access is denied. (0x5)
[0322/170603.416:ERROR:process_reader_win.cc(151)] SuspendThread: Access is denied. (0x5)
[0322/170603.416:ERROR:process_reader_win.cc(151)] SuspendThread: Access is denied. (0x5)
[0322/170603.416:ERROR:process_reader_win.cc(151)] SuspendThread: Access is denied. (0x5)
[0322/170603.416:ERROR:process_reader_win.cc(151)] SuspendThread: Access is denied. (0x5)
[0322/170603.416:ERROR:process_reader_win.cc(151)] SuspendThread: Access is denied. (0x5)
[0322/170603.416:ERROR:process_reader_win.cc(151)] SuspendThread: Access is denied. (0x5)
[0322/170603.416:ERROR:process_reader_win.cc(151)] SuspendThread: Access is denied. (0x5)
[0322/170603.416:ERROR:process_reader_win.cc(151)] SuspendThread: Access is denied. (0x5)
[0322/170603.416:ERROR:process_reader_win.cc(151)] SuspendThread: Access is denied. (0x5)
[0322/170603.416:ERROR:process_reader_win.cc(123)] NtOpenThread: {Access Denied} A process has requested access to an object, but has not been granted those access rights. (0xc0000022)
[0322/170603.416:ERROR:exception_snapshot_win.cc(98)] thread ID 6352 not found in process
[0322/170603.455:ERROR:process_reader_win.cc(123)] NtOpenThread: {Access Denied} A process has requested access to an object, but has not been granted those access rights. (0xc0000022)
[0322/170603.455:ERROR:exception_snapshot_win.cc(98)] thread ID 12468 not found in process
[0401/003751.939:ERROR:process_info.cc(375)] NtQuerySystemInformation SystemExtendedHandleInformation: La longueur d’enregistrement d’informations spécifiée ne correspond pas à la longueur nécessaire pour la classe d’informations spécifiée. (0xc0000004)
[0417/142451.897:ERROR:process_info.cc(375)] NtQuerySystemInformation SystemExtendedHandleInformation: La longueur d’enregistrement d’informations spécifiée ne correspond pas à la longueur nécessaire pour la classe d’informations spécifiée. (0xc0000004)
